[    0.000000] Initializing cgroup subsys cpuset
[    0.000000] Initializing cgroup subsys cpu
[    0.000000] Initializing cgroup subsys cpuacct
[    0.000000] Linux version 4.4.0-138-generic (buildd@lcy01-amd64-006) (gcc version 5.4.0 20160609 (Ubuntu 5.4.0-6ubuntu1~16.04.10) ) #164-Ubuntu SMP Tue Oct 2 17:16:02 UTC 2018 (Ubuntu 4.4.0-138.164-generic 4.4.155)
[    0.000000] Command line: BOOT_IMAGE=/boot/vmlinuz-4.4.0-138-generic root=LABEL=cloudimg-rootfs ro console=tty1 console=ttyS0
[    0.000000] KERNEL supported cpus:
[    0.000000]   Intel GenuineIntel
[    0.000000]   AMD AuthenticAMD
[    0.000000]   Centaur CentaurHauls
[    0.000000] x86/fpu: xstate_offset[2]:  576, xstate_sizes[2]:  256
[    0.000000] x86/fpu: Supporting XSAVE feature 0x01: 'x87 floating point registers'
[    0.000000] x86/fpu: Supporting XSAVE feature 0x02: 'SSE registers'
[    0.000000] x86/fpu: Supporting XSAVE feature 0x04: 'AVX registers'
[    0.000000] x86/fpu: Enabled xstate features 0x7, context size is 832 bytes, using 'standard' format.
[    0.000000] e820: BIOS-provided physical RAM map:
[    0.000000] BIOS-e820: [mem 0x0000000000000000-0x000000000009fbff] usable
[    0.000000] BIOS-e820: [mem 0x000000000009fc00-0x000000000009ffff] reserved
[    0.000000] BIOS-e820: [mem 0x00000000000f0000-0x00000000000fffff] reserved
[    0.000000] BIOS-e820: [mem 0x0000000000100000-0x000000003ffeffff] usable
[    0.000000] BIOS-e820: [mem 0x000000003fff0000-0x000000003fffffff] ACPI data
[    0.000000] BIOS-e820: [mem 0x00000000fec00000-0x00000000fec00fff] reserved
[    0.000000] BIOS-e820: [mem 0x00000000fee00000-0x00000000fee00fff] reserved
[    0.000000] BIOS-e820: [mem 0x00000000fffc0000-0x00000000ffffffff] reserved
[    0.000000] NX (Execute Disable) protection: active
[    0.000000] SMBIOS 2.5 present.
[    0.000000] Hypervisor detected: KVM
[    0.000000] e820: last_pfn = 0x3fff0 max_arch_pfn = 0x400000000
[    0.000000] MTRR: Disabled
[    0.000000] x86/PAT: MTRRs disabled, skipping PAT initialization too.
[    0.000000] CPU MTRRs all blank - virtualized system.
[    0.000000] x86/PAT: Configuration [0-7]: WB  WT  UC- UC  WB  WT  UC- UC  
[    0.000000] found SMP MP-table at [mem 0x0009fff0-0x0009ffff] mapped at [ffff88000009fff0]
[    0.000000] Scanning 1 areas for low memory corruption
[    0.000000] RAMDISK: [mem 0x3630a000-0x3717cfff]
[    0.000000] ACPI: Early table checksum verification disabled
[    0.000000] ACPI: RSDP 0x00000000000E0000 000024 (v02 VBOX  )
[    0.000000] ACPI: XSDT 0x000000003FFF0030 00003C (v01 VBOX   VBOXXSDT 00000001 ASL  00000061)
[    0.000000] ACPI: FACP 0x000000003FFF00F0 0000F4 (v04 VBOX   VBOXFACP 00000001 ASL  00000061)
[    0.000000] ACPI: DSDT 0x000000003FFF0470 0021FF (v02 VBOX   VBOXBIOS 00000002 INTL 20160108)
[    0.000000] ACPI: FACS 0x000000003FFF0200 000040
[    0.000000] ACPI: FACS 0x000000003FFF0200 000040
[    0.000000] ACPI: APIC 0x000000003FFF0240 00005C (v02 VBOX   VBOXAPIC 00000001 ASL  00000061)
[    0.000000] ACPI: SSDT 0x000000003FFF02A0 0001CC (v01 VBOX   VBOXCPUT 00000002 INTL 20160108)
[    0.000000] No NUMA configuration found
[    0.000000] Faking a node at [mem 0x0000000000000000-0x000000003ffeffff]
[    0.000000] NODE_DATA(0) allocated [mem 0x3ffeb000-0x3ffeffff]
[    0.000000] kvm-clock: Using msrs 4b564d01 and 4b564d00
[    0.000000] kvm-clock: cpu 0, msr 0:3ffe3001, primary cpu clock
[    0.000000] kvm-clock: using sched offset of 3444101390 cycles
[    0.000000] clocksource: kvm-clock: mask: 0xffffffffffffffff max_cycles: 0x1cd42e4dffb, max_idle_ns: 881590591483 ns
[    0.000000] Zone ranges:
[    0.000000]   DMA      [mem 0x0000000000001000-0x0000000000ffffff]
[    0.000000]   DMA32    [mem 0x0000000001000000-0x000000003ffeffff]
[    0.000000]   Normal   empty
[    0.000000]   Device   empty
[    0.000000] Movable zone start for each node
[    0.000000] Early memory node ranges
[    0.000000]   node   0: [mem 0x0000000000001000-0x000000000009efff]
[    0.000000]   node   0: [mem 0x0000000000100000-0x000000003ffeffff]
[    0.000000] Initmem setup node 0 [mem 0x0000000000001000-0x000000003ffeffff]
[    0.000000] ACPI: PM-Timer IO Port: 0x4008
[    0.000000] IOAPIC[0]: apic_id 2, version 32, address 0xfec00000, GSI 0-23
[    0.000000] ACPI: INT_SRC_OVR (bus 0 bus_irq 0 global_irq 2 dfl dfl)
[    0.000000] ACPI: INT_SRC_OVR (bus 0 bus_irq 9 global_irq 9 high level)
[    0.000000] Using ACPI (MADT) for SMP configuration information
[    0.000000] smpboot: Allowing 2 CPUs, 0 hotplug CPUs
[    0.000000] PM: Registered nosave memory: [mem 0x00000000-0x00000fff]
[    0.000000] PM: Registered nosave memory: [mem 0x0009f000-0x0009ffff]
[    0.000000] PM: Registered nosave memory: [mem 0x000a0000-0x000effff]
[    0.000000] PM: Registered nosave memory: [mem 0x000f0000-0x000fffff]
[    0.000000] e820: [mem 0x40000000-0xfebfffff] available for PCI devices
[    0.000000] Booting paravirtualized kernel on KVM
[    0.000000] clocksource: refined-jiffies: mask: 0xffffffff max_cycles: 0xffffffff, max_idle_ns: 7645519600211568 ns
[    0.000000] setup_percpu: NR_CPUS:512 nr_cpumask_bits:512 nr_cpu_ids:2 nr_node_ids:1
[    0.000000] PERCPU: Embedded 34 pages/cpu @ffff88003fc00000 s99608 r8192 d31464 u1048576
[    0.000000] PV qspinlock hash table entries: 256 (order: 0, 4096 bytes)
[    0.000000] Built 1 zonelists in Node order, mobility grouping on.  Total pages: 257912
[    0.000000] Policy zone: DMA32
[    0.000000] Kernel command line: BOOT_IMAGE=/boot/vmlinuz-4.4.0-138-generic root=LABEL=cloudimg-rootfs ro console=tty1 console=ttyS0
[    0.000000] PID hash table entries: 4096 (order: 3, 32768 bytes)
[    0.000000] Memory: 997708K/1048120K available (8563K kernel code, 1314K rwdata, 4004K rodata, 1528K init, 1316K bss, 50412K reserved, 0K cma-reserved)
[    0.000000] SLUB: HWalign=64, Order=0-3, MinObjects=0, CPUs=2, Nodes=1
[    0.000000] Kernel/User page tables isolation: enabled
[    0.000000] Hierarchical RCU implementation.
[    0.000000] 	Build-time adjustment of leaf fanout to 64.
[    0.000000] 	RCU restricting CPUs from NR_CPUS=512 to nr_cpu_ids=2.
[    0.000000] RCU: Adjusting geometry for rcu_fanout_leaf=64, nr_cpu_ids=2
[    0.000000] NR_IRQS:33024 nr_irqs:440 16
[    0.000000] Console: colour VGA+ 80x25
[    0.000000] console [tty1] enabled
[    0.000000] console [ttyS0] enabled
[    0.000000] tsc: Detected 3292.518 MHz processor
[    1.082598] Calibrating delay loop (skipped) preset value.. 6585.03 BogoMIPS (lpj=13170072)
[    1.083951] pid_max: default: 32768 minimum: 301
[    1.084667] ACPI: Core revision 20150930
[    1.086195] ACPI: 2 ACPI AML tables successfully acquired and loaded
[    1.087242] Security Framework initialized
[    1.131360] Yama: becoming mindful.
[    1.192684] AppArmor: AppArmor initialized
[    1.209665] Dentry cache hash table entries: 131072 (order: 8, 1048576 bytes)
[    1.211826] Inode-cache hash table entries: 65536 (order: 7, 524288 bytes)
[    1.218622] Mount-cache hash table entries: 2048 (order: 2, 16384 bytes)
[    1.219981] Mountpoint-cache hash table entries: 2048 (order: 2, 16384 bytes)
[    1.221536] Initializing cgroup subsys io
[    1.222477] Initializing cgroup subsys memory
[    1.224488] Initializing cgroup subsys devices
[    1.225456] Initializing cgroup subsys freezer
[    1.226450] Initializing cgroup subsys net_cls
[    1.227425] Initializing cgroup subsys perf_event
[    1.228436] Initializing cgroup subsys net_prio
[    1.230495] Initializing cgroup subsys hugetlb
[    1.234119] Initializing cgroup subsys pids
[    1.242533] mce: CPU supports 0 MCE banks
[    1.246553] Last level iTLB entries: 4KB 512, 2MB 8, 4MB 8
[    1.250312] Last level dTLB entries: 4KB 512, 2MB 32, 4MB 32, 1GB 0
[    1.254207] Spectre V2 : Mitigation: Full generic retpoline
[    1.255391] Spectre V2 : Spectre v2 mitigation: Speculation control IBPB not-supported IBRS not-supported
[    1.257053] Spectre V2 : Spectre v2 / SpectreRSB mitigation: Filling RSB on context switch
[    1.259009] Speculative Store Bypass: Vulnerable
[    1.264195] Freeing SMP alternatives memory: 32K
[    1.275058] ftrace: allocating 32278 entries in 127 pages
[    1.336543] smpboot: APIC(0) Converting physical 0 to logical package 0
[    1.343116] smpboot: Max logical packages: 1
[    1.344271] x2apic enabled
[    1.345126] Switched APIC routing to physical x2apic.
[    1.347190] ..TIMER: vector=0x30 apic1=0 pin1=2 apic2=-1 pin2=-1
[    1.454152] smpboot: CPU0: Intel(R) Core(TM) i3-3220 CPU @ 3.30GHz (family: 0x6, model: 0x3a, stepping: 0x9)
[    1.463843] Performance Events: unsupported p6 CPU model 58 no PMU driver, software events only.
[    1.465735] KVM setup paravirtual spinlock
[    1.467267] x86: Booting SMP configuration:
[    1.472094] .... node  #0, CPUs:      #1
[    1.473033] kvm-clock: cpu 1, msr 0:3ffe3041, secondary cpu clock
[    1.475027] mce: CPU supports 0 MCE banks
[    1.477602] x86: Booted up 1 node, 2 CPUs
[    1.478632] smpboot: Total of 2 processors activated (13170.07 BogoMIPS)
[    1.481804] devtmpfs: initialized
[    1.485126] evm: security.selinux
[    1.485864] evm: security.SMACK64
[    1.486606] evm: security.SMACK64EXEC
[    1.487504] evm: security.SMACK64TRANSMUTE
[    1.488370] evm: security.SMACK64MMAP
[    1.489165] evm: security.ima
[    1.489853] evm: security.capability
[    1.490802] clocksource: jiffies: mask: 0xffffffff max_cycles: 0xffffffff, max_idle_ns: 7645041785100000 ns
[    1.495650] futex hash table entries: 512 (order: 3, 32768 bytes)
[    1.496916] pinctrl core: initialized pinctrl subsystem
[    1.498045] RTC time:  1:42:49, date: 11/07/18
[    1.499119] NET: Registered protocol family 16
[    1.514299] cpuidle: using governor ladder
[    1.530333] cpuidle: using governor menu
[    1.534635] PCCT header not found.
[    1.535449] ACPI: bus type PCI registered
[    1.542638] acpiphp: ACPI Hot Plug PCI Controller Driver version: 0.5
[    1.543964] PCI: Using configuration type 1 for base access
[    1.555277] ACPI: Added _OSI(Module Device)
[    1.558690] ACPI: Added _OSI(Processor Device)
[    1.560101] ACPI: Added _OSI(3.0 _SCP Extensions)
[    1.561732] ACPI: Added _OSI(Processor Aggregator Device)
[    1.564284] ACPI: Executed 1 blocks of module-level executable AML code
[    1.573686] ACPI: Interpreter enabled
[    1.578615] ACPI: (supports S0 S5)
[    1.579381] ACPI: Using IOAPIC for interrupt routing
[    1.580508] PCI: Using host bridge windows from ACPI; if necessary, use "pci=nocrs" and report a bug
[    1.588104] ACPI: PCI Root Bridge [PCI0] (domain 0000 [bus 00-ff])
[    1.594444] acpi PNP0A03:00: _OSC: OS supports [ASPM ClockPM Segments MSI]
[    1.598435] acpi PNP0A03:00: _OSC: not requesting OS control; OS requires [ExtendedConfig ASPM ClockPM MSI]
[    1.600401] acpi PNP0A03:00: fail to add MMCONFIG information, can't access extended PCI configuration space under this bridge.
[    1.692449] PCI host bridge to bus 0000:00
[    1.735133] pci_bus 0000:00: root bus resource [io  0x0000-0x0cf7 window]
[    1.885290] pci_bus 0000:00: root bus resource [io  0x0d00-0xffff window]
[    2.060384] pci_bus 0000:00: root bus resource [mem 0x000a0000-0x000bffff window]
[    2.062247] pci_bus 0000:00: root bus resource [mem 0x40000000-0xffdfffff window]
[    2.064161] pci_bus 0000:00: root bus resource [bus 00-ff]
[    2.101477] pci 0000:00:01.1: legacy IDE quirk: reg 0x10: [io  0x01f0-0x01f7]
[    2.130568] pci 0000:00:01.1: legacy IDE quirk: reg 0x14: [io  0x03f6]
[    2.209142] pci 0000:00:01.1: legacy IDE quirk: reg 0x18: [io  0x0170-0x0177]
[    2.211590] pci 0000:00:01.1: legacy IDE quirk: reg 0x1c: [io  0x0376]
[    2.243724] pci 0000:00:07.0: quirk: [io  0x4000-0x403f] claimed by PIIX4 ACPI
[    2.382940] pci 0000:00:07.0: quirk: [io  0x4100-0x410f] claimed by PIIX4 SMB
[    2.528186] ACPI: PCI Interrupt Link [LNKA] (IRQs 5 9 10 *11)
[    2.593493] ACPI: PCI Interrupt Link [LNKB] (IRQs 5 9 10 *11)
[    2.640321] ACPI: PCI Interrupt Link [LNKC] (IRQs 5 9 *10 11)
[    2.642031] ACPI: PCI Interrupt Link [LNKD] (IRQs 5 *9 10 11)
[    2.643820] ACPI: Enabled 2 GPEs in block 00 to 07
[    2.649637] vgaarb: setting as boot device: PCI:0000:00:02.0
[    2.662318] vgaarb: device added: PCI:0000:00:02.0,decodes=io+mem,owns=io+mem,locks=none
[    2.664119] vgaarb: loaded
[    2.664833] vgaarb: bridge control possible 0000:00:02.0
[    2.666236] SCSI subsystem initialized
[    2.667276] ACPI: bus type USB registered
[    2.668228] usbcore: registered new interface driver usbfs
[    2.669359] usbcore: registered new interface driver hub
[    2.670469] usbcore: registered new device driver usb
[    2.712191] PCI: Using ACPI for IRQ routing
[    2.741686] NetLabel: Initializing
[    2.810021] NetLabel:  domain hash size = 128
[    2.820647] NetLabel:  protocols = UNLABELED CIPSOv4
[    2.821819] NetLabel:  unlabeled traffic allowed by default
[    2.826805] amd_nb: Cannot enumerate AMD northbridges
[    2.859850] clocksource: Switched to clocksource kvm-clock
[    2.957163] AppArmor: AppArmor Filesystem Enabled
[    2.984390] pnp: PnP ACPI init
[    2.985752] pnp: PnP ACPI: found 3 devices
[    2.995820] clocksource: acpi_pm: mask: 0xffffff max_cycles: 0xffffff, max_idle_ns: 2085701024 ns
[    3.128743] NET: Registered protocol family 2
[    3.129850] TCP established hash table entries: 8192 (order: 4, 65536 bytes)
[    3.137963] TCP bind hash table entries: 8192 (order: 5, 131072 bytes)
[    3.139266] TCP: Hash tables configured (established 8192 bind 8192)
[    3.140622] UDP hash table entries: 512 (order: 2, 16384 bytes)
[    3.147137] UDP-Lite hash table entries: 512 (order: 2, 16384 bytes)
[    3.185824] NET: Registered protocol family 1
[    3.186687] pci 0000:00:00.0: Limiting direct PCI/PCI transfers
[    3.349576] pci 0000:00:01.0: Activating ISA DMA hang workarounds
[    3.522299] Unpacking initramfs...
[    3.805397] Freeing initrd memory: 14796K
[    3.862468] RAPL PMU detected, API unit is 2^-32 Joules, 3 fixed counters 10737418240 ms ovfl timer
[    3.863822] hw unit of domain pp0-core 2^-0 Joules
[    3.882155] hw unit of domain package 2^-0 Joules
[    3.902338] hw unit of domain pp1-gpu 2^-0 Joules
[    3.903140] platform rtc_cmos: registered platform RTC device (no PNP device found)
[    3.905645] Scanning for low memory corruption every 60 seconds
[    3.906874] audit: initializing netlink subsys (disabled)
[    3.907686] audit: type=2000 audit(1541554974.541:1): initialized
[    3.908882] Initialise system trusted keyring
[    3.909742] HugeTLB registered 2 MB page size, pre-allocated 0 pages
[    3.911929] zbud: loaded
[    3.912819] VFS: Disk quotas dquot_6.6.0
[    3.913491] VFS: Dquot-cache hash table entries: 512 (order 0, 4096 bytes)
[    3.914652] squashfs: version 4.0 (2009/01/31) Phillip Lougher
[    3.915762] fuse init (API version 7.23)
[    3.916597] Key type big_key registered
[    3.917248] Allocating IMA MOK and blacklist keyrings.
[    3.919504] Key type asymmetric registered
[    3.920169] Asymmetric key parser 'x509' registered
[    3.921018] Block layer SCSI generic (bsg) driver version 0.4 loaded (major 249)
[    3.922280] io scheduler noop registered
[    3.922931] io scheduler deadline registered (default)
[    3.923725] io scheduler cfq registered
[    3.924517] pci_hotplug: PCI Hot Plug PCI Core version: 0.5
[    3.925338] pciehp: PCI Express Hot Plug Controller Driver version: 0.4
[    3.930494] ACPI: AC Adapter [AC] (on-line)
[    3.931208] input: Power Button as /devices/LNXSYSTM:00/LNXPWRBN:00/input/input0
[    3.932407] ACPI: Power Button [PWRF]
[    3.933134] input: Sleep Button as /devices/LNXSYSTM:00/LNXSLPBN:00/input/input1
[    3.934301] ACPI: Sleep Button [SLPF]
[    3.935088] GHES: HEST is not enabled!
[    3.935797] Serial: 8250/16550 driver, 32 ports, IRQ sharing enabled
[    3.970405] 00:02: ttyS0 at I/O 0x3f8 (irq = 4, base_baud = 115200) is a 16550A
[    3.983664] Linux agpgart interface v0.103
[    3.985926] loop: module loaded
[    3.990408] scsi host0: ata_piix
[    3.992409] scsi host1: ata_piix
[    3.993024] ata1: PATA max UDMA/33 cmd 0x1f0 ctl 0x3f6 bmdma 0xd000 irq 14
[    4.004958] ata2: PATA max UDMA/33 cmd 0x170 ctl 0x376 bmdma 0xd008 irq 15
[    4.022425] libphy: Fixed MDIO Bus: probed
[    4.024455] tun: Universal TUN/TAP device driver, 1.6
[    4.025352] tun: (C) 1999-2004 Max Krasnyansky <maxk@qualcomm.com>
[    4.026288] PPP generic driver version 2.4.2
[    4.027023] ehci_hcd: USB 2.0 'Enhanced' Host Controller (EHCI) Driver
[    4.027941] ehci-pci: EHCI PCI platform driver
[    4.032236] ehci-platform: EHCI generic platform driver
[    4.033048] ohci_hcd: USB 1.1 'Open' Host Controller (OHCI) Driver
[    4.033926] ohci-pci: OHCI PCI platform driver
[    4.034627] ohci-platform: OHCI generic platform driver
[    4.035408] uhci_hcd: USB Universal Host Controller Interface driver
[    4.036426] i8042: PNP: PS/2 Controller [PNP0303:PS2K,PNP0f03:PS2M] at 0x60,0x64 irq 1,12
[    4.043126] serio: i8042 KBD port at 0x60,0x64 irq 1
[    4.043903] serio: i8042 AUX port at 0x60,0x64 irq 12
[    4.051053] mousedev: PS/2 mouse device common for all mice
[    4.052491] input: AT Translated Set 2 keyboard as /devices/platform/i8042/serio0/input/input2
[    4.053977] rtc_cmos rtc_cmos: rtc core: registered rtc_cmos as rtc0
[    4.054922] rtc_cmos rtc_cmos: alarms up to one day, 114 bytes nvram
[    4.055817] i2c /dev entries driver
[    4.056527] device-mapper: uevent: version 1.0.3
[    4.057314] device-mapper: ioctl: 4.34.0-ioctl (2015-10-28) initialised: dm-devel@redhat.com
[    4.058624] ledtrig-cpu: registered to indicate activity on CPUs
[    4.059878] NET: Registered protocol family 10
[    4.060843] NET: Registered protocol family 17
[    4.061559] Key type dns_resolver registered
[    4.070087] registered taskstats version 1
[    4.072298] Loading compiled-in X.509 certificates
[    4.073701] Loaded X.509 cert 'Build time autogenerated kernel key: 9a104bc44b81e9426fe5c715e47d021d02d69eba'
[    4.077941] zswap: loaded using pool lzo/zbud
[    4.080599] Key type trusted registered
[    4.085733] Key type encrypted registered
[    4.090118] AppArmor: AppArmor sha1 policy hashing enabled
[    4.090920] ima: No TPM chip found, activating TPM-bypass!
[    4.091722] ima: Allocated hash algorithm: sha1
[    4.098541] evm: HMAC attrs: 0x1
[    4.099430]   Magic number: 10:343:710
[    4.112419] rtc_cmos rtc_cmos: setting system clock to 2018-11-07 01:42:52 UTC (1541554972)
[    4.119719] BIOS EDD facility v0.16 2004-Jun-25, 0 devices found
[    4.120921] EDD information not available.
[    4.180878] Freeing unused kernel memory: 1528K
[    4.262970] Write protecting the kernel read-only data: 14336k
[    4.293006] Freeing unused kernel memory: 1664K
[    4.341181] Freeing unused kernel memory: 92K
Loading, please wait...
starting version[    4.354861] random: systemd-udevd: uninitialized urandom read (16 bytes read, 2 bits of entropy available)
 229
[    4.355741] random: udevadm: uninitialized urandom read (16 bytes read, 2 bits of entropy available)
[    4.355770] random: udevadm: uninitialized urandom read (16 bytes read, 2 bits of entropy available)
[    4.367210] random: udevadm: uninitialized urandom read (16 bytes read, 2 bits of entropy available)
[    4.367253] random: udevadm: uninitialized urandom read (16 bytes read, 2 bits of entropy available)
[    4.367397] random: udevadm: uninitialized urandom read (16 bytes read, 2 bits of entropy available)
[    4.367455] random: udevadm: uninitialized urandom read (16 bytes read, 2 bits of entropy available)
[    4.367510] random: udevadm: uninitialized urandom read (16 bytes read, 2 bits of entropy available)
[    4.367565] random: udevadm: uninitialized urandom read (16 bytes read, 2 bits of entropy available)
[    4.367620] random: udevadm: uninitialized urandom read (16 bytes read, 2 bits of entropy available)
[    4.510686] e1000: Intel(R) PRO/1000 Network Driver - version 7.3.21-k8-NAPI
[    4.612890] e1000: Copyright (c) 1999-2006 Intel Corporation.
[    4.617541] Fusion MPT base driver 3.04.20
[    4.720950] Copyright (c) 1999-2008 LSI Corporation
[    4.897864] Fusion MPT SPI Host driver 3.04.20
[    4.928019] tsc: Refined TSC clocksource calibration: 3295.366 MHz
[    4.937539] clocksource: tsc: mask: 0xffffffffffffffff max_cycles: 0x2f80331886f, max_idle_ns: 440795366891 ns
[    5.094231] input: ImExPS/2 Generic Explorer Mouse as /devices/platform/i8042/serio1/input/input4
[    5.243343] e1000 0000:00:03.0 eth0: (PCI:33MHz:32-bit) 02:0d:56:55:5e:8a
[    5.257084] e1000 0000:00:03.0 eth0: Intel(R) PRO/1000 Network Connection
[    5.260357] mptbase: ioc0: Initiating bringup
[    5.332131] ioc0: LSI53C1030 A0: Capabilities={Initiator}
[    5.514082] scsi host2: ioc0: LSI53C1030 A0, FwRev=00000000h, Ports=1, MaxQ=256, IRQ=20
[    5.738350] scsi 2:0:0:0: Direct-Access     VBOX     HARDDISK         1.0  PQ: 0 ANSI: 5
[    5.765571] scsi target2:0:0: Beginning Domain Validation
[    5.774105] scsi target2:0:0: Domain Validation skipping write tests
[    5.779583] scsi target2:0:0: Ending Domain Validation
[    5.798898] scsi target2:0:0: asynchronous
[    5.823958] scsi 2:0:1:0: Direct-Access     VBOX     HARDDISK         1.0  PQ: 0 ANSI: 5
[    5.837432] scsi target2:0:1: Beginning Domain Validation
[    5.839756] scsi target2:0:1: Domain Validation skipping write tests
[    5.854628] scsi target2:0:1: Ending Domain Validation
[    5.881716] scsi target2:0:1: asynchronous
[    5.916939] sd 2:0:0:0: Attached scsi generic sg0 type 0
[    5.923567] sd 2:0:0:0: [sda] 20971520 512-byte logical blocks: (10.7 GB/10.0 GiB)
[    5.926418] sd 2:0:0:0: [sda] Write Protect is off
[    5.927505] sd 2:0:0:0: [sda] Incomplete mode parameter data
[    5.928718] sd 2:0:0:0: [sda] Assuming drive cache: write through
[    5.943512] sd 2:0:1:0: [sdb] 20480 512-byte logical blocks: (10.5 MB/10.0 MiB)
[    5.947393] sd 2:0:1:0: [sdb] Write Protect is off
[    5.975277] sd 2:0:1:0: Attached scsi generic sg1 type 0
[    5.993346] sd 2:0:1:0: [sdb] Incomplete mode parameter data
[    6.019102] sd 2:0:1:0: [sdb] Assuming drive cache: write through
[    6.025806]  sda: sda1
[    6.027129] sd 2:0:0:0: [sda] Attached SCSI disk
[    6.091760] sd 2:0:1:0: [sdb] Attached SCSI disk
[    6.116767] e1000 0000:00:08.0 eth1: (PCI:33MHz:32-bit) 08:00:27:a3:05:15
[    6.193317] e1000 0000:00:08.0 eth1: Intel(R) PRO/1000 Network Connection
[    6.414666] e1000 0000:00:03.0 enp0s3: renamed from eth0
[    6.423997] e1000 0000:00:08.0 enp0s8: renamed from eth1
Begin: Loading e[    7.750390] md: linear personality registered for level -1
ssential drivers[    7.850579] md: multipath personality registered for level -4
 ... [    7.964800] md: raid0 personality registered for level 0
[    8.013341] md: raid1 personality registered for level 1
[    8.111912] raid6: sse2x1   gen()  8487 MB/s
[    8.183894] raid6: sse2x1   xor()  6845 MB/s
[    8.263915] raid6: sse2x2   gen() 10377 MB/s
[    8.335893] raid6: sse2x2   xor()  7720 MB/s
[    8.427885] raid6: sse2x4   gen() 12795 MB/s
[    8.595875] raid6: sse2x4   xor()  8954 MB/s
[    8.608658] raid6: using algorithm sse2x4 gen() 12795 MB/s
[    8.609710] raid6: .... xor() 8954 MB/s, rmw enabled
[    8.610732] raid6: using ssse3x2 recovery algorithm
[    8.613125] xor: automatically using best checksumming function:
[    8.803889]    avx       : 33263.000 MB/sec
[    8.866082] async_tx: api initialized (async)
[    8.878899] md: raid6 personality registered for level 6
[    8.885261] md: raid5 personality registered for level 5
[    8.886340] md: raid4 personality registered for level 4
[    8.892444] md: raid10 personality registered for level 10
done.
Begin: Running /scripts/init-premount ... done.
Begin: Mounting root file system ... Begin: Running /scripts/local-top ... done.
Begin: Running /scripts/local-premount ... [    9.018024] Btrfs loaded
Scanning for Btrfs filesystems
done.
Warning: fsck not present, so skipping root file system
[    9.081726] EXT4-fs (sda1): mounted filesystem with ordered data mode. Opts: (null)
done.
Begin: Running /scripts/local-bottom ... done.
Begin: Running /scripts/init-bottom ... done.
[    9.900116] systemd[1]: systemd 229 running in system mode. (+PAM +AUDIT +SELINUX +IMA +APPARMOR +SMACK +SYSVINIT +UTMP +LIBCRYPTSETUP +GCRYPT +GNUTLS +ACL +XZ -LZ4 +SECCOMP +BLKID +ELFUTILS +KMOD -IDN)
[   10.076711] systemd[1]: Detected virtualization oracle.
[   10.077512] systemd[1]: Detected architecture x86-64.

Welcome to [1mUbuntu 16.04.5 LTS[0m!

[   10.152504] systemd[1]: Set hostname to <ubuntu>.
[   10.205137] systemd[1]: Initializing machine ID from random generator.
[   10.365554] systemd[1]: Installed transient /etc/machine-id file.
[   10.836555] random: nonblocking pool is initialized
[   11.109243] systemd[1]: Listening on Journal Audit Socket.
[[0;32m  OK  [0m] Listening on Journal Audit Socket.
[   11.384182] systemd[1]: Listening on LVM2 poll daemon socket.
[[0;32m  OK  [0m] Listening on LVM2 poll daemon socket.
[   11.648188] systemd[1]: Listening on udev Kernel Socket.
[[0;32m  OK  [0m] Listening on udev Kernel Socket.
[   11.866743] systemd[1]: Created slice System Slice.
[[0;32m  OK  [0m] Created slice System Slice.
[   11.871896] systemd[1]: Listening on /dev/initctl Compatibility Named Pipe.
[[0;32m  OK  [0m] Listening on /dev/initctl Compatibility Named Pipe.
[   11.917760] systemd[1]: Listening on Journal Socket.
[[0;32m  OK  [0m] Listening on Journal Socket.
[   11.972075] systemd[1]: Mounting Debug File System...
         Mounting Debug File System...
[   12.176249] systemd[1]: Starting Set console keymap...
         Starting Set console keymap...
[   12.239795] systemd[1]: Mounting POSIX Message Queue File System...
         Mounting POSIX Message Queue File System...
[   12.292163] systemd[1]: Listening on Syslog Socket.
[[0;32m  OK  [0m] Listening on Syslog Socket.
[   12.347560] systemd[1]: Set up automount Ariitrary Executable File Formats File System Automount Point.
[[0;32m  OK  [0m] Set up automount Arbitrary Executab...ats File System Automount Point.
[   12.536111] systemd[1]: Starting Uncomplicatedffirewall...
         Starting Uncomplicated firewall...
[   12.892156] systemd[1]: Reached target System Time Synchronized.
[[0;32m  OK  [0m] Reached target System Time Synchronized.
[   12.959605] systemd[1]: Started Trigger resolvconf update for networkd DNS.
[[0;32m  OK  [0m] Started Trigger resolvconf update for networkd DNS.
[   12.964171] systemd[1]: Reached target Encrypted Volumes.
[[0;32m  OK  [0m] Reached target Encrypted Volumes.
[   12.968510] systemd[1]: Created slice User and Session Slice.
[[0;32m  OK  [0m] Created slice User and Session Slice.
[   12.978692] systemd[1]: Reached target Slices.
[[0;32m  OK  [0m] Reached target Slices.
[   13.000089] systemd[1]: Starting Load Kernel Modules...
         Starting Load Kernel Modules...
[   13.032689] systemd[1]: Starting Nameserver information manager...
[   13.045192] Loading iSCSI transport class v2.0-870.
         Starting Nameserver information manager...
[   13.075004] systemd[1]: Listening on udev Control Socket.
[[0;32m  OK  [0m] Listening on udev Control Socket.
[   13.086655] systemd[1]: Listening on Journal Socket (/dev/log).
[[0;32m  OK  [0m] Listening on Journal Socket (/dev/log).
[   13.095177] iscsi: registered transport (tcp)
[   13.160154] systemd[1]: Starting Journal Service...
         Starting Journal Service...
[   13.172055] systemd[1]: Reached target Swap.
[[0;32m  OK  [0m] Reached target Swap.
[   13.188020] systemd[1]: Reached target User and Group Name Lookups.
[[0;32m  OK  [0m] Reached target User and Group Name Lookups.
[   13.236155] systemd[1]: Starting Create list of required static device nodes for the current kernel...
         Starting Create list of required st... nodes for the current kernel...
[   13.252413] systemd[1]: Created slice system-serial\x2dgetty.slice.
[[0;32m  OK  [[   13.303703] iscsi: registered transport (iser)
0m] Created slice system-serial\x2dgetty.slice.
[   33.460194] syseemd[1]: Starting Remount Root and Kernel File Systems...
[   13.474545] EXT4-fs (sda1): re-mounted. Opts: (null)
         Starting Remount Root and Kernel File Systems...
[   13.964005] systemd[1]: Mounting Huge Pages File System...
         Mounting Huge Pages File System...
[   14.032283] systemd[1]: Listening on LVM2 metadata daemon socket.
[[0;32m  OK  [0m] Listening on LVM2 metadata daemon socket.
[   14.044488] systemd[1]: Listening on Device-mapper event daemon FIFOs.
[[0;32m  OK  [0m] Listening on Device-mapper event daemon FIFOs.
[   14.068122] systemd[1]: Starting Monitoring of LVM2 mirrors, snapshots etc. using dmeventd or progress polling...
         Starting Monitoring of LVM2 mirrors... dmeventd or progress polling...
[   14.366730] systemd[1]: Started Forward Password Requests to Wall Directory Watch.
[[0;32m  OK  [0m] Started Forward Password Requests to Wall Directory Watch.
[   14.388349] systemd[1]: Mounted Huge Pages File System.
[[0;32m  OK  [0m] Mounted Huge Pages File System.
[   14.403238] systemd[1]: Mounted POSIX Message Queue File System.
[[0;32m  OK  [0m] Mounted POSIX Message Queue File System.
[   14.436171] systemd[1]: Mounted Debug File System.
[[0;32m  OK  [0m] Mounted Debug File System.
[   14.780191] systemd[1]: Started Journal Service.
[[0;32m  OK  [0m] Started Journal Service.
[[0;32m  OK  [0m] Started Set console keymap.
[[0;32m  OK  [0m] Started Uncomplicated firewall.
[[0;32m  OK  [0m] Started Load Kernel Modules.
[[0;32m  OK  [0m] Started Create list of required sta...ce nodes for the current kernel.
[[0;32m  OK  [0m] Started Remount Root and Kernel File Systems.
[[0;32m  OK  [0m] Started Nameserver information manager.
[[0;32m  OK  [0m] Started LVM2 metadata daemon.
         Starting Load/Save Random Seed...
         Starting udev Coldplug all Devices...
         Starting Create Static Device Nodes in /dev...
         Starting Apply Kernel Variables...
         Mounting FUSE Control File System...
         Starting Flush Journal to Persistent Storage...
[[0;32m  OK  [0m] Mounted FUSE Control File System.
[[0;32m  OK  [0m] Started Monitoring of LVM2 mirrors,...ng dmeventd or progress polling.
[[0;32m  OK  [0m] Started Load/Save Random Seed.
[[0;32m  OK  [0m] Started Apply Kernel Variables.
[[0;32m  OK  [0m] Started udev Coldplug all Devices.
[[0;32m  OK  [0m] Started Create Static Device Nodes in /dev.
         Starting udev Kernel Device Manager...
[[0;32m  OK  [0m] Reached target Local File Systems (Pre).
[[0;32m  OK  [0m] Reached target Local File Systems.
         Starting LSB: AppArmor initialization...
         Starting Initial cloud-init job (pre-networking)...
         Starting Commit a transient machine-id on disk...
         Starting Set console font and keymap...
         Starting Tell Plymouth To Write Out Runtime Data...
[[0;32m  OK  [0m] Started Flush Journal to Persistent Storage.
         Starting Create Volatile Files and Directories...
[[0;32m  OK  [0m] Started Tell Plymouth To Write Out Runtime Data.
[[0;32m  OK  [0m] Started Commit a transient machine-id on disk.
[[0;32m  OK  [0m] Started Create Volatile Files and Directories.
         Starting Update UTMP about System Boot/Shutdown...
[[0;32m  OK  [0m] Started Update UTMP about System Boot/Shutdown.
[[0;32m  OK  [0m] Started udev Kernel Device Manager.
[[0;32m  OK  [0m] Started Dispatch Password Requests to Console Directory Watch.
[[0;32m  OK  [0m] Found device /dev/ttyS0.
[[0;32m  OK  [0m] Listening on Load/Save RF Kill Switch Status /dev/rfkill Watch.
[[0;32m  OK  [0m] Started LSB: AppArmor initialization.
[[0;32m  OK  [0m] Started Set console font and keymap.
[[0;32m  OK  [0m] Created slice system-getty.slice.
[   17.218093] cloud-init[455]: Cloud-init v. 18.4-0ubuntu1~16.04.2 running 'init-local' at Wed, 07 Nov 2018 01:43:07 +0000. Up 16.67 seconds.
[[0;32m  OK  [0m] Started Initial cloud-init job (pre-networking).
[[0;32m  OK  [0m] Reached target Network (Pre).
         Starting Raise network interfaces...
[[0;32m  OK  [0m] Started Raise network interfaces.
         Starting Initial cloud-init job (metadata service crawler)...
[[0;32m  OK  [0m] Reached target Network.
[   19.764113] cloud-init[934]: Cloud-init v. 18.4-0ubuntu1~16.04.2 running 'init' at Wed, 07 Nov 2018 01:43:09 +0000. Up 18.21 seconds.
[   19.900707] [cloud-init[0;32m  OK  [0m[934]: ] ci-info: ++++++++++++++++++++++++++++++++++++++Net device info++++++++++++++++++++++++++++++++++++++Started Initial cloud-init job (metadata service crawler).

[   19.901282] cloud-init[934]: ci-info: +--------+-------+---------------------------+---------------+--------+-------------------+
[   19.962364] [cloud-init[0;32m  OK  [0m[934]: ] ci-info: | Device |   Up  |          Address          |      Mask     | Scope  |     Hw-Address    |Reached target System Initialization.

[[0;32m  OK  [0m] Started Daily apt download activities.
[[0;32m  OK  [0m] Listening on D-Bus System Message Bus Socket.
[   19.962899] cloud-init[934]: ci-info: +--------+-------+---------------------------+---------------+--------+-------------------+
[   19.982562]          cloud-initStarting Socket activation for snappy daemon.[934]: 
ci-info: | enp0s3 |  True |         10.0.2.15         | 255.255.255.0 | global | 02:0d:56:55:5e:8a |
[   19.987661] [[0;32m  OK  [0m] Listening on UUID daemon activation socket.
cloud-init[934]: ci-info: | enp0s3 |  True | fe80::d:56ff:fe55:5e8a/64 |       .       |  link  | 02:0d:56:55:5e:8a |
[[0;32m  OK  [0m] Started Daily apt upgrade and clean activities.
[[0;32m  OK  [0m] Started Daily Cleanup of Temporary Directories.
[[0;32m  OK  [0m] Reached target Timers.
[   19.991913] cloud-init[934]: ci-info: | enp0s8 | False |             .             |       .       |   .    | 08:00:27:a3:05:15 |
         Starting LXD - unix socket.
[[0;32m  OK  [0m] Listening on ACPID Listen Socket.
[   20.189436] cloud-init[934]: ci-info: |   lo   |  True |         127.0.0.1         |   255.0.0.0   |  host  |         .         |
[   20.249148] cloud-init[934]: ci-info: |   lo   |  True |          ::1/128          |       .       |  host  |         .         |
[   20.276351] cloud-init[934]: ci-info: +--------+-------+---------------------------+---------------+--------+-------------------+
[   20.320591] cloud-init[934]: ci-info: +++++++++++++++++++++++++++Route IPv4 info++++++++++++++++++++++++++++
[[0;32m  OK  [0m] Started ACPI Events Check.
[   20.331564] cloud-init[934]: ci-info: +-------+-------------+----------+---------------+-----------+-------+
[[0;32m  OK  [0m] Reached target Paths.
[[0;32m  OK  [0m] Reached target Network is Online.
[   20.339702] cloud-init[934]: ci-info: | Route | Destination | Gateway  |    Genmask    | Interface | Flags |
[   20.350289] cloud-init[934]: ci-info: +-------+-------------+----------+---------------+-----------+-------+
[   20.353460] cloud-init[934]: ci-info: |   0   |   0.0.0.0   | 10.0.2.2 |    0.0.0.0    |   enp0s3  |   UG  |
         Starting iSCSI initiator daemon (iscsid)...
[[0;32m  OK  [0m] Reached target Cloud-config availability.
[[   20.356104] cloud-init[934]: ci-info: |   1   |   10.0.2.0  | 0.0.0.0  | 255.255.255.0 |   enp0s3  |   U   |
[   20.372387] cloud-init[934]: ci-info: +-------+-------------+----------+---------------+-----------+-------+
[0;32m  OK  [0m] Listening on Socket activation for snappy daemon.
[[   20.372478] cloud-init[934]: ci-info: +++++++++++++++++++Route IPv6 info+++++++++++++++++++
[   20.516163] cloud-init[934]: ci-info: +-------+-------------+---------+-----------+-------+
[   20.516582] cloud-init[934]: ci-info: | Route | Destination | Gateway | Interface | Flags |
[   20.517108] cloud-init[934]: ci-info: +-------+-------------+---------+-----------+-------+
[   20.517386] cloud-init[934]: ci-info: |   0   |  fe80::/64  |    ::   |   enp0s3  |   U   |
[   20.518394] cloud-init[934]: ci-info: |   3   |   ff00::/8  |    ::   |   enp0s3  |   U   |
[   20.518768] cloud-init[934]: ci-info: +-------+-------------+---------+-----------+-------+
[   20.519294] cloud-init[934]: Generating public/private rsa key pair.
[   20.519833] cloud-init[934]: Your identification has been saved in /etc/ssh/ssh_host_rsa_key.
[0;32m  OK  [0m] Listening on LXD - unix socket.
[   20.520138] cloud-init[934]: Your public key has been saved in /etc/ssh/ssh_host_rsa_key.pub.
[   20.573432] cloud-init[934]: The key fingerprint is:
[   20.574790] cloud-init[934]: SHA256:QRn/H/ZkPMAvdXG/PFayutkQPe0XHAo86pMWKTT56Hc root@ubuntu-xenial
[   20.576863] cloud-init[934]: The key's randomart image is:
[   20.578276] cloud-init[934]: +---[RSA 2048]----+
[   20.579540] cloud-init[934]: |        oo     ..|
[   20.580832] cloud-init[934]: |       .o.. .   +|
[   20.582098] cloud-init[934]: |       +. .+ o.o+|
[   20.583307] cloud-init[934]: |      . +.o.o.B==|
[   20.584554] cloud-init[934]: |       oS=  oo*X=|
[   20.586862] cloud-init[934]: |      . o o  =oB+|
[   20.601183] cloud-init[934]: |       . * Eo . +|
[   20.601490] cloud-init[934]: |        o o  =  .|
[[0;32m  OK  [0m] Reached target Sockets.
[   20.602106] cloud-init[934]: |            o .  |
[   20.606196] cloud-init[934]: +----[SHA256]-----+
[   20.606406] cloud-init[934]: Generating public/private dsa key pair.
[   20.606816] cloud-init[934]: Your identification has been saved in /etc/ssh/ssh_host_dsa_key.
[   20.607245] cloud-init[934]: Your public key has been saved in /etc/ssh/ssh_host_dsa_key.pub.
[   20.607453] cloud-init[934]: The key fingerprint is:
[   20.607882] cloud-init[934]: SHA256:KY4QQ/zoUZED/0wLnA2SYVjnZaISI+0RNbHKOwfkYQk root@ubuntu-xenial
[[0;32m  OK  [0m] Reached target Basic System.
[   20.608299] cloud-init[934]: The key's randomart image is:
[   20.619476] cloud-init[934]: +---[DSA 1024]----+
[   20.664463] cloud-init[934]: |E=O*O+o          |
[   20.664820] cloud-init[934]: |o*=O+X           |
         Starting Virtualbox guest utils...
[   20.665019] cloud-init[934]: |..O=B.o          |
[   20.689140] cloud-init[934]: | *+=.= . .       |
[   20.690250] cloud-init[934]: | .*.  = S        |
[   20.695702] cloud-init[934]: |  .+ o .         |
[   20.698969] cloud-init[934]: |  o o .          |
[   20.708340] cloud-init[934]: |   o             |
[   20.708625] cloud-init[934]: |                 |
         Starting LSB: Record successful boot for GRUB...
[   20.708762] cloud-init[934]: +----[SHA256]-----+
[   20.766274] cloud-init[934]: Generating public/private ecdsa key pair.
[   20.772194] cloud-init[934]: Your identification has been saved in /etc/ssh/ssh_host_ecdsa_key.
[   20.786991]          Starting LSB: MD monitoring daemon...cloud-init
[934]: Your public key has been saved in /etc/ssh/ssh_host_ecdsa_key.pub.
[   20.790426] cloud-init[934]: The key fingerprint is:
[   20.791611] cloud-init[934]: SHA256:HWfeCWRsET0XC1HT0zoFmw8m5dkBzftO9thblvxoKzY root@ubuntu-xenial
[   20.793498] cloud-init[934]: The key's randomart image is:
[   20.808392] cloud-init[934]: +---[ECDSA 256]---+
         Starting Pollinate to seed the pseudo random number generator...
[   20.808857] cloud-init[934]: |           .=BO*+|
[   20.912666] cloud-init[934]: |           ooo+OO|
[[0;32m  OK  [0m] Started Unattended Upgrades Shutdown.
[   20.912790] cloud-init[934]: |          ..= B*+|
[   20.967757] cloud-init[934]: |         . = =o= |
[   20.968111] cloud-init[934]: |        S . . o.o|
         Starting Accounts Service...
[   20.968215] cloud-init[934]: |              . =|
[   20.983435] cloud-init[934]: |               O+|
[   20.983651] cloud-init[934]: |            E oo*|
[[0;32m  OK  [0m] Started Deferred execution scheduler.
[   20.983810] cloud-init[934]: |           . +ooo|
[   20.994091] cloud-init[934]: +----[SHA256]-----+
[   20.994308] cloud-init[934]: Generating public/private ed25519 key pair.
         Starting System Logging Service...
[   20.994466] cloud-init[934]: Your identification has been saved in /etc/ssh/ssh_host_ed25519_key.
[   21.040345] cloud-init[934]: Your public key has been saved in /etc/ssh/ssh_host_ed25519_key.pub.
[   21.040551] cloud-init[934]: The key fingerprint is:
         Starting LXD - container startup/shutdown...
[   21.040715] cloud-init[934]: SHA256:ggmcciHms2CNy/b2nRu16hc+KQc5pc2xUWSDnOa74aU root@ubuntu-xenial
[   21.059730] cloud-init[934]: The key's randomart image is:
[   21.065058] cloud-init[934]: +--[ED25519 256]--+
[   21.085191] cloud-init[934]: |...     . ++     |
[   21.086178] cloud-init[934]: |oooo     =...    |
[   21.087404] cloud-init[934]: |o==.    o .      |
[   21.088408] cloud-init[934]: |+o+. o   =       |
[   21.089368] cloud-init[934]: | =  o . S.=      |
[   21.093510] cloud-init[934]: |. .    *.B..     |
[   21.094462] cloud-init[934]: |   o   .=.B      |
[   21.095398] cloud-init[934]: |  . . ..+E       |
[   21.096362] cloud-init[934]: |     ..*= .      |
[   21.097431] cloud-init[934]: +----[SHA256]-----+
         Starting Snappy daemon...
[[0;32m  OK  [0m] Started Regular background program processing daemon.
         Starting Login Service...
[[0;32m  OK  [0m] Started ACPI event daemon.
[[0;32m  OK  [0m] Started D-Bus System Message Bus.
         Starting /etc/rc.local Compatibility...
[[0;32m  OK  [0m] Started FUSE filesystem for LXC.
[[0;32m  OK  [0m] Started System Logging Service.
[[0;32m  OK  [0m] Started iSCSI initiator daemon (iscsid).
[[0;32m  OK  [0m] Started /etc/rc.local Compatibility.
         Starting Login to default iSCSI targets...
[[0;32m  OK  [0m] Started Login Service.
[[0;32m  OK  [0m] Started LSB: Record successful boot for GRUB.
[[0;32m  OK  [0m] Started LSB: MD monitoring daemon.
         Starting Authenticate and Authorize Users to Run Privileged Tasks...
[[0;32m  OK  [0m] Started Login to default iSCSI targets.
[[0;32m  OK  [0m] Reached target Remote File Systems (Pre).
[[0;32m  OK  [0m] Reached target Remote File Systems.
         Starting LSB: daemon to balance interrupts for SMP systems...
         Starting Permit User Sessions...
         Starting LSB: automatic crash report generation...
         Starting LSB: Set the CPU Frequency Scaling governor to "ondemand"...
[[0;32m  OK  [0m] Started LSB: Set the CPU Frequency Scaling governor to "ondemand".
[[0;32m  OK  [0m] Started Permit User Sessions.
         Starting Terminate Plymouth Boot Screen...
         Starting Hold until boot process finishes up...
[[0;32m  OK  [0m] Started Terminate Plymouth Boot Screen.
[[0;32m  OK  [0m] Started Hold until boot process finishes up.
         Starting Set console scheme...
[[0;32m  OK  [0m] Started Serial Getty on ttyS0.
[[0;32m  OK  [0m] Started Getty on tty1.
[[0;32m  OK  [0m] Reached target Login Prompts.
[[0;32m  OK  [0m] Started Virtualbox guest utils.
[[0;32m  OK  [0m] Started LSB: daemon to balance interrupts for SMP systems.
[[0;32m  OK  [0m] Started LSB: automatic crash report generation.
[[0;32m  OK  [0m] Started Set console scheme.
[[0;32m  OK  [0m] Started Authenticate and Authorize Users to Run Privileged Tasks.
[[0;32m  OK  [0m] Started Accounts Service.
[[0;32m  OK  [0m] Started LXD - container startup/shutdown.
[[0;32m  OK  [0m] Started Snappy daemon.
         Starting Wait until snapd is fully seeded...
[[0;32m  OK  [0m] Started Pollinate to seed the pseudo random number generator.
         Starting OpenBSD Secure Shell server...
[[0;32m  OK  [0m] Started OpenBSD Secure Shell server.
[[0;32m  OK  [0m] Created slice User Slice of vagrant.
         Starting User Manager for UID 1000...
[[0;32m  OK  [0m] Started Session 1 of user vagrant.
[[0;32m  OK  [0m] Started User Manager for UID 1000.
         Stopping User Manager for UID 1000...
[[0;32m  OK  [0m] Stopped User Manager for UID 1000.
[[0;32m  OK  [0m] Removed slice User Slice of vagrant.

Ubuntu 16.04.5 LTS ubuntu-xenial ttyS0

ubuntu-xenial login: [   29.885623] cloud-init[1476]: Generating locales (this might take a while)...
[   30.774140] cloud-init[1476]:   en_US.UTF-8... done
[   30.774594] cloud-init[1476]: Generation complete.
[   31.484137] cloud-init[1476]: Cloud-init v. 18.4-0ubuntu1~16.04.2 running 'modules:config' at Wed, 07 Nov 2018 01:43:20 +0000. Up 29.71 seconds.
ci-info: no authorized ssh keys fingerprints found for user ubuntu.
<14>Nov  7 01:43:22 ec2: 
<14>Nov  7 01:43:22 ec2: #############################################################
<14>Nov  7 01:43:22 ec2: -----BEGIN SSH HOST KEY FINGERPRINTS-----
<14>Nov  7 01:43:22 ec2: 1024 SHA256:KY4QQ/zoUZED/0wLnA2SYVjnZaISI+0RNbHKOwfkYQk root@ubuntu-xenial (DSA)
<14>Nov  7 01:43:22 ec2: 256 SHA256:HWfeCWRsET0XC1HT0zoFmw8m5dkBzftO9thblvxoKzY root@ubuntu-xenial (ECDSA)
<14>Nov  7 01:43:22 ec2: 256 SHA256:ggmcciHms2CNy/b2nRu16hc+KQc5pc2xUWSDnOa74aU root@ubuntu-xenial (ED25519)
<14>Nov  7 01:43:22 ec2: 2048 SHA256:QRn/H/ZkPMAvdXG/PFayutkQPe0XHAo86pMWKTT56Hc root@ubuntu-xenial (RSA)
<14>Nov  7 01:43:22 ec2: -----END SSH HOST KEY FINGERPRINTS-----
<14>Nov  7 01:43:22 ec2: #############################################################
-----BEGIN SSH HOST KEY KEYS-----
ecdsa-sha2-nistp256 AAAAE2VjZHNhLXNoYTItbmlzdHAyNTYAAAAIbmlzdHAyNTYAAABBBLHirlYvFjiuOHizqjWbBYt8AMIo4LGsXR2vxKq6c41LaeUn9NHjovEWmeJcOhx2EhfsfjYxcRyuuXtNmzrYGK0= root@ubuntu-xenial
ssh-ed25519 AAAAC3NzaC1lZDI1NTE5AAAAIJhWgOE2Iy/hIvmEmde6qjHOFEq2y5BZXWtVjRB41blV root@ubuntu-xenial
ssh-rsa AAAAB3NzaC1yc2EAAAADAQABAAABAQDs7UcV9oG0/GgElu/GaEpSPu0qIH7tMTY5ygiDI9rQU87LGGb8M/dM3Ca4meBn0ShHOpuMLqMeM6Bz47nT+w/uLnWQ4uF+hEL2jsc1W29ytYQg9RcWu1MDlmkF7tCMdaxFhMYsfH8IhdSW8nq2DrJg7MyXR6/bxat0OOfxD5VBIj2Dv0+i3G0JcearYk0SAxhWi0l0eUqzGmtZ1LBN5Tc6SjjnqAGPZwC2aZltG9AzTZxiavioZ81sWFYA+hhUj2xcNpmnH3nGXgFajJoMWblxcgGw4MS8YFfiUKcXvLYbJZ68pGAhRtUqSZCoug6pLNt29/kGf3ECKmin/jZ6t5c/ root@ubuntu-xenial
-----END SSH HOST KEY KEYS-----
[   31.961144] cloud-init[1551]: Cloud-init v. 18.4-0ubuntu1~16.04.2 running 'modules:final' at Wed, 07 Nov 2018 01:43:22 +0000. Up 31.81 seconds.
[   31.961345] cloud-init[1551]: ci-info: no authorized ssh keys fingerprints found for user ubuntu.
[   31.961467] cloud-init[1551]: Cloud-init v. 18.4-0ubuntu1~16.04.2 finished at Wed, 07 Nov 2018 01:43:22 +0000. Datasource DataSourceNoCloud [seed=/dev/sdb][dsmode=net].  Up 31.94 seconds
